1:55:03 PM ERROR 
	{"message":"Exceeded maxRedirects. Probably stuck in a redirect loop http://www.nytimes.com/2016/12/24/opinion/sunday/the-stolen-supreme-court-seat.html?_r=4","stack":"Error: Exceeded maxRedirects. Probably stuck in a redirect loop http://www.nytimes.com/2016/12/24/opinion/sunday/the-stolen-supreme-court-seat.html?_r=4\n    at Redirect.onResponse (/Users/Elk/Dropbox/Code/devmtn/projects/personal/nownewstoday/node_modules/request/lib/redirect.js:98:27)\n    at Request.onRequestResponse (/Users/Elk/Dropbox/Code/devmtn/projects/personal/nownewstoday/node_modules/request/request.js:917:22)\n    at emitOne (events.js:96:13)\n    at ClientRequest.emit (events.js:188:7)\n    at HTTPParser.parserOnIncomingClient [as onIncoming] (_http_client.js:473:21)\n    at HTTPParser.parserOnHeadersComplete (_http_common.js:99:23)\n    at Socket.socketOnData (_http_client.js:362:20)\n    at emitOne (events.js:96:13)\n    at Socket.emit (events.js:188:7)\n    at readableAddChunk (_stream_readable.js:176:18)"}
3:40:02 PM ERROR 
	{"message":"Exceeded maxRedirects. Probably stuck in a redirect loop http://www.nytimes.com/2016/12/27/world/middleeast/bahrain-hanukkah-arabs-jews.html?_r=4","stack":"Error: Exceeded maxRedirects. Probably stuck in a redirect loop http://www.nytimes.com/2016/12/27/world/middleeast/bahrain-hanukkah-arabs-jews.html?_r=4\n    at Redirect.onResponse (/Users/Elk/Dropbox/Code/devmtn/projects/personal/nownewstoday/node_modules/request/lib/redirect.js:98:27)\n    at Request.onRequestResponse (/Users/Elk/Dropbox/Code/devmtn/projects/personal/nownewstoday/node_modules/request/request.js:917:22)\n    at emitOne (events.js:96:13)\n    at ClientRequest.emit (events.js:188:7)\n    at HTTPParser.parserOnIncomingClient [as onIncoming] (_http_client.js:473:21)\n    at HTTPParser.parserOnHeadersComplete (_http_common.js:99:23)\n    at Socket.socketOnData (_http_client.js:362:20)\n    at emitOne (events.js:96:13)\n    at Socket.emit (events.js:188:7)\n    at readableAddChunk (_stream_readable.js:176:18)"}
3:55:02 PM ERROR 
	{"message":"Exceeded maxRedirects. Probably stuck in a redirect loop http://www.nytimes.com/2016/12/28/opinion/where-secret-arrests-were-standard-procedure.html?_r=5","stack":"Error: Exceeded maxRedirects. Probably stuck in a redirect loop http://www.nytimes.com/2016/12/28/opinion/where-secret-arrests-were-standard-procedure.html?_r=5\n    at Redirect.onResponse (/Users/Elk/Dropbox/Code/devmtn/projects/personal/nownewstoday/node_modules/request/lib/redirect.js:98:27)\n    at Request.onRequestResponse (/Users/Elk/Dropbox/Code/devmtn/projects/personal/nownewstoday/node_modules/request/request.js:917:22)\n    at emitOne (events.js:96:13)\n    at ClientRequest.emit (events.js:188:7)\n    at HTTPParser.parserOnIncomingClient [as onIncoming] (_http_client.js:473:21)\n    at HTTPParser.parserOnHeadersComplete (_http_common.js:99:23)\n    at Socket.socketOnData (_http_client.js:362:20)\n    at emitOne (events.js:96:13)\n    at Socket.emit (events.js:188:7)\n    at readableAddChunk (_stream_readable.js:176:18)"}
4:01:07 PM ERROR 
5:01:07 PM ERROR 
6:01:10 PM ERROR 
7:40:01 PM ERROR 
11:01:08 PM ERROR 
12:01:10 AM ERROR 
12:05:12 AM ERROR 
9:30:07 AM ERROR 
10:30:03 AM ERROR 
11:30:07 AM ERROR 
12:05:20 PM ERROR 
12:30:06 PM ERROR 
1:30:07 PM ERROR 
2:30:09 PM ERROR 
3:00:01 PM ERROR 
3:30:01 PM ERROR 
4:30:04 PM ERROR 
5:30:02 PM ERROR 
6:30:02 PM ERROR 
7:30:01 PM ERROR 
8:30:03 PM ERROR 
9:25:04 PM ERROR 
	{"message":"Exceeded maxRedirects. Probably stuck in a redirect loop http://www.genengnews.com/500","stack":"Error: Exceeded maxRedirects. Probably stuck in a redirect loop http://www.genengnews.com/500\n    at Redirect.onResponse (/Users/Elk/Dropbox/Code/devmtn/projects/personal/nownewstoday/node_modules/request/lib/redirect.js:98:27)\n    at Request.onRequestResponse (/Users/Elk/Dropbox/Code/devmtn/projects/personal/nownewstoday/node_modules/request/request.js:917:22)\n    at emitOne (events.js:96:13)\n    at ClientRequest.emit (events.js:188:7)\n    at HTTPParser.parserOnIncomingClient [as onIncoming] (_http_client.js:473:21)\n    at HTTPParser.parserOnHeadersComplete (_http_common.js:99:23)\n    at Socket.socketOnData (_http_client.js:362:20)\n    at emitOne (events.js:96:13)\n    at Socket.emit (events.js:188:7)\n    at readableAddChunk (_stream_readable.js:176:18)"}
9:30:04 PM ERROR 
9:40:05 PM ERROR 
10:30:01 PM ERROR 
11:01:20 PM ERROR 
11:25:09 PM ERROR 
	{"message":"Exceeded maxRedirects. Probably stuck in a redirect loop http://www.genengnews.com/500","stack":"Error: Exceeded maxRedirects. Probably stuck in a redirect loop http://www.genengnews.com/500\n    at Redirect.onResponse (/Users/Elk/Dropbox/Code/devmtn/projects/personal/nownewstoday/node_modules/request/lib/redirect.js:98:27)\n    at Request.onRequestResponse (/Users/Elk/Dropbox/Code/devmtn/projects/personal/nownewstoday/node_modules/request/request.js:917:22)\n    at emitOne (events.js:96:13)\n    at ClientRequest.emit (events.js:188:7)\n    at HTTPParser.parserOnIncomingClient [as onIncoming] (_http_client.js:473:21)\n    at HTTPParser.parserOnHeadersComplete (_http_common.js:99:23)\n    at Socket.socketOnData (_http_client.js:362:20)\n    at emitOne (events.js:96:13)\n    at Socket.emit (events.js:188:7)\n    at readableAddChunk (_stream_readable.js:176:18)"}
11:30:02 PM ERROR 
11:40:02 PM ERROR 
12:25:03 AM ERROR 
	{"message":"Exceeded maxRedirects. Probably stuck in a redirect loop http://www.genengnews.com/500","stack":"Error: Exceeded maxRedirects. Probably stuck in a redirect loop http://www.genengnews.com/500\n    at Redirect.onResponse (/Users/Elk/Dropbox/Code/devmtn/projects/personal/nownewstoday/node_modules/request/lib/redirect.js:98:27)\n    at Request.onRequestResponse (/Users/Elk/Dropbox/Code/devmtn/projects/personal/nownewstoday/node_modules/request/request.js:917:22)\n    at emitOne (events.js:96:13)\n    at ClientRequest.emit (events.js:188:7)\n    at HTTPParser.parserOnIncomingClient [as onIncoming] (_http_client.js:473:21)\n    at HTTPParser.parserOnHeadersComplete (_http_common.js:99:23)\n    at Socket.socketOnData (_http_client.js:362:20)\n    at emitOne (events.js:96:13)\n    at Socket.emit (events.js:188:7)\n    at readableAddChunk (_stream_readable.js:176:18)"}
12:30:02 AM ERROR 
12:40:02 AM ERROR 
4:36:26 PM ERROR 
5:10:03 PM ERROR 
6:10:08 PM ERROR 
10:05:08 PM ERROR 
12:25:30 AM ERROR 
	{"message":"getaddrinfo ENOTFOUND www.reddit.com www.reddit.com:443","stack":"Error: getaddrinfo ENOTFOUND www.reddit.com www.reddit.com:443\n    at errnoException (dns.js:28:10)\n    at GetAddrInfoReqWrap.onlookup [as oncomplete] (dns.js:76:26)","code":"ENOTFOUND","errno":"ENOTFOUND","syscall":"getaddrinfo","hostname":"www.reddit.com","host":"www.reddit.com","port":443}
12:25:30 AM ERROR 
	{"message":"getaddrinfo ENOTFOUND www.reddit.com www.reddit.com:443","stack":"Error: getaddrinfo ENOTFOUND www.reddit.com www.reddit.com:443\n    at errnoException (dns.js:28:10)\n    at GetAddrInfoReqWrap.onlookup [as oncomplete] (dns.js:76:26)","code":"ENOTFOUND","errno":"ENOTFOUND","syscall":"getaddrinfo","hostname":"www.reddit.com","host":"www.reddit.com","port":443}
12:25:30 AM ERROR 
	{"message":"getaddrinfo ENOTFOUND www.reddit.com www.reddit.com:443","stack":"Error: getaddrinfo ENOTFOUND www.reddit.com www.reddit.com:443\n    at errnoException (dns.js:28:10)\n    at GetAddrInfoReqWrap.onlookup [as oncomplete] (dns.js:76:26)","code":"ENOTFOUND","errno":"ENOTFOUND","syscall":"getaddrinfo","hostname":"www.reddit.com","host":"www.reddit.com","port":443}
12:25:30 AM ERROR 
	{"message":"getaddrinfo ENOTFOUND www.reddit.com www.reddit.com:443","stack":"Error: getaddrinfo ENOTFOUND www.reddit.com www.reddit.com:443\n    at errnoException (dns.js:28:10)\n    at GetAddrInfoReqWrap.onlookup [as oncomplete] (dns.js:76:26)","code":"ENOTFOUND","errno":"ENOTFOUND","syscall":"getaddrinfo","hostname":"www.reddit.com","host":"www.reddit.com","port":443}
3:10:45 AM ERROR 
	{"message":"getaddrinfo ENOTFOUND maps.googleapis.com maps.googleapis.com:443","stack":"Error: getaddrinfo ENOTFOUND maps.googleapis.com maps.googleapis.com:443\n    at errnoException (dns.js:28:10)\n    at GetAddrInfoReqWrap.onlookup [as oncomplete] (dns.js:76:26)","code":"ENOTFOUND","errno":"ENOTFOUND","syscall":"getaddrinfo","hostname":"maps.googleapis.com","host":"maps.googleapis.com","port":443}
3:20:31 AM ERROR 
	{"message":"getaddrinfo ENOTFOUND maps.googleapis.com maps.googleapis.com:443","stack":"Error: getaddrinfo ENOTFOUND maps.googleapis.com maps.googleapis.com:443\n    at errnoException (dns.js:28:10)\n    at GetAddrInfoReqWrap.onlookup [as oncomplete] (dns.js:76:26)","code":"ENOTFOUND","errno":"ENOTFOUND","syscall":"getaddrinfo","hostname":"maps.googleapis.com","host":"maps.googleapis.com","port":443}
