{"level":"info","message":"CITY:","timestamp":"11:10:04 PM"}
{"level":"info","message":"CITY:","timestamp":"11:10:04 PM"}
{"0":"Pittsburgh","level":"info","message":"CITY:","timestamp":"11:10:04 PM"}
{"0":"Pittsburgh","1":"San Francisco","level":"info","message":"CITY:","timestamp":"11:10:04 PM"}
{"0":"Pittsburgh","1":"San Francisco","level":"info","message":"CITY:","timestamp":"11:10:04 PM"}
{"0":"Pittsburgh","1":"San Francisco","level":"info","message":"CITY:","timestamp":"11:10:04 PM"}
{"0":"Pittsburgh","1":"San Francisco","2":"Perth","level":"info","message":"CITY:","timestamp":"11:10:04 PM"}
{"level":"info","message":"CITY:","timestamp":"11:20:05 PM"}
{"level":"info","message":"CITY:","timestamp":"11:20:05 PM"}
{"0":"Hann Persinger","level":"info","message":"CITY:","timestamp":"11:20:05 PM"}
{"0":"Hann Persinger","1":"Lansing","level":"info","message":"CITY:","timestamp":"11:20:05 PM"}
{"0":"Hann Persinger","1":"Lansing","2":"Washington","level":"info","message":"CITY:","timestamp":"11:20:05 PM"}
{"0":"Hann Persinger","1":"Lansing","2":"Washington","level":"info","message":"CITY:","timestamp":"11:20:05 PM"}
{"0":"Utrecht","level":"info","message":"CITY:","timestamp":"11:30:06 PM"}
{"0":"Utrecht","level":"info","message":"CITY:","timestamp":"11:30:06 PM"}
{"level":"info","message":"CITY:","timestamp":"11:45:05 PM"}
{"0":"Los Angeles","level":"info","message":"CITY:","timestamp":"11:45:05 PM"}
{"0":"Los Angeles","1":"Hollywood","level":"info","message":"CITY:","timestamp":"11:45:05 PM"}
{"0":"Los Angeles","1":"Hollywood","2":"London","level":"info","message":"CITY:","timestamp":"11:45:05 PM"}
{"level":"info","message":"CITY:","timestamp":"11:50:04 PM"}
{"level":"info","message":"CITY:","timestamp":"11:50:04 PM"}
{"level":"info","message":"CITY:","timestamp":"11:50:04 PM"}
{"level":"info","message":"CITY:","timestamp":"11:50:04 PM"}
{"level":"info","message":"CITY:","timestamp":"11:50:04 PM"}
{"level":"info","message":"CITY:","timestamp":"11:50:04 PM"}
{"level":"info","message":"CITY:","timestamp":"11:50:04 PM"}
{"level":"info","message":"CITY:","timestamp":"11:50:04 PM"}
{"level":"info","message":"CITY:","timestamp":"11:50:04 PM"}
{"level":"info","message":"CITY:","timestamp":"11:50:04 PM"}
{"level":"info","message":"CITY:","timestamp":"11:50:04 PM"}
{"0":"WASHINGTON","level":"info","message":"CITY:","timestamp":"11:55:04 PM"}
{"0":"WASHINGTON","level":"info","message":"CITY:","timestamp":"11:55:04 PM"}
{"0":"WASHINGTON","1":"Des Moines","level":"info","message":"CITY:","timestamp":"11:55:04 PM"}
{"0":"WASHINGTON","1":"Des Moines","2":"Lynden","level":"info","message":"CITY:","timestamp":"11:55:04 PM"}
{"0":"WASHINGTON","1":"Des Moines","2":"Lynden","3":"Ashburn","level":"info","message":"CITY:","timestamp":"11:55:04 PM"}
{"0":"WASHINGTON","1":"Des Moines","2":"Lynden","3":"Ashburn","level":"info","message":"CITY:","timestamp":"11:55:04 PM"}
{"0":"WASHINGTON","1":"Des Moines","2":"Lynden","3":"Ashburn","level":"info","message":"CITY:","timestamp":"11:55:04 PM"}
{"0":"WASHINGTON","1":"Des Moines","2":"Lynden","3":"Ashburn","level":"info","message":"CITY:","timestamp":"11:55:04 PM"}
{"0":"WASHINGTON","1":"Des Moines","2":"Lynden","3":"Ashburn","4":"Austin","level":"info","message":"CITY:","timestamp":"11:55:04 PM"}
{"0":"New Yorks","level":"info","message":"CITY:","timestamp":"12:10:07 AM"}
{"0":"New Yorks","level":"info","message":"CITY:","timestamp":"12:10:07 AM"}
{"0":"New Yorks","1":"Boston","level":"info","message":"CITY:","timestamp":"12:10:07 AM"}
{"0":"New Yorks","1":"Boston","2":"Miami","level":"info","message":"CITY:","timestamp":"12:10:07 AM"}
{"0":"New Yorks","1":"Boston","2":"Miami","3":"Berg","level":"info","message":"CITY:","timestamp":"12:10:07 AM"}
{"0":"New Yorks","1":"Boston","2":"Miami","3":"Berg","4":"Nashville","level":"info","message":"CITY:","timestamp":"12:10:07 AM"}
{"0":"New Yorks","1":"Boston","2":"Miami","3":"Berg","4":"Nashville","level":"info","message":"CITY:","timestamp":"12:10:07 AM"}
{"0":"New Yorks","1":"Boston","2":"Miami","3":"Berg","4":"Nashville","level":"info","message":"CITY:","timestamp":"12:10:07 AM"}
{"0":"New Yorks","1":"Boston","2":"Miami","3":"Berg","4":"Nashville","level":"info","message":"CITY:","timestamp":"12:10:07 AM"}
{"level":"info","message":"CITY:","timestamp":"12:15:03 AM"}
{"level":"info","message":"CITY:","timestamp":"12:15:03 AM"}
{"level":"info","message":"CITY:","timestamp":"12:15:03 AM"}
{"0":"Eiras","level":"info","message":"CITY:","timestamp":"12:15:03 AM"}
{"0":"Eiras","level":"info","message":"CITY:","timestamp":"12:15:03 AM"}
{"level":"info","message":"CITY:","timestamp":"12:20:03 AM"}
{"0":"PRINCETON","level":"info","message":"CITY:","timestamp":"12:20:03 AM"}
{"0":"PRINCETON","1":"Manhattan","level":"info","message":"CITY:","timestamp":"12:20:03 AM"}
{"0":"PRINCETON","1":"Manhattan","level":"info","message":"CITY:","timestamp":"12:20:03 AM"}
{"0":"PRINCETON","1":"Manhattan","level":"info","message":"CITY:","timestamp":"12:20:03 AM"}
{"level":"info","message":"CITY:","timestamp":"12:25:05 AM"}
{"0":"Los Angeles","level":"info","message":"CITY:","timestamp":"12:30:04 AM"}
{"0":"Los Angeles","1":"London","level":"info","message":"CITY:","timestamp":"12:30:04 AM"}
{"level":"info","message":"CITY:","timestamp":"12:50:04 AM"}
{"level":"info","message":"CITY:","timestamp":"12:50:04 AM"}
{"0":"Beverly Hills","level":"info","message":"CITY:","timestamp":"1:01:10 AM"}
{"0":"Beverly Hills","1":"El Paso","level":"info","message":"CITY:","timestamp":"1:01:10 AM"}
{"0":"Beverly Hills","1":"El Paso","2":"Burbank","level":"info","message":"CITY:","timestamp":"1:01:10 AM"}
{"0":"Beverly Hills","1":"El Paso","2":"Burbank","level":"info","message":"CITY:","timestamp":"1:01:10 AM"}
{"0":"Beverly Hills","1":"El Paso","2":"Burbank","3":"Hollywood","level":"info","message":"CITY:","timestamp":"1:01:10 AM"}
{"0":"Beverly Hills","1":"El Paso","2":"Burbank","3":"Hollywood","level":"info","message":"CITY:","timestamp":"1:01:10 AM"}
{"0":"Beverly Hills","1":"El Paso","2":"Burbank","3":"Hollywood","4":"Los Angeles","level":"info","message":"CITY:","timestamp":"1:01:10 AM"}
{"0":"Beverly Hills","1":"El Paso","2":"Burbank","3":"Hollywood","4":"Los Angeles","5":"London","level":"info","message":"CITY:","timestamp":"1:01:10 AM"}
{"0":"Beverly Hills","1":"El Paso","2":"Burbank","3":"Hollywood","4":"Los Angeles","5":"London","6":"Las Vegas","level":"info","message":"CITY:","timestamp":"1:01:10 AM"}
{"level":"info","message":"CITY:","timestamp":"1:20:04 AM"}
{"0":"ST. PETERSBURG","level":"info","message":"CITY:","timestamp":"1:30:04 AM"}
{"0":"ST. PETERSBURG","level":"info","message":"CITY:","timestamp":"1:30:04 AM"}
{"0":"ST. PETERSBURG","level":"info","message":"CITY:","timestamp":"1:30:04 AM"}
{"0":"ST. PETERSBURG","level":"info","message":"CITY:","timestamp":"1:30:04 AM"}
{"0":"ST. PETERSBURG","1":"Krasnodar","level":"info","message":"CITY:","timestamp":"1:30:04 AM"}
{"0":"ST. PETERSBURG","1":"Krasnodar","level":"info","message":"CITY:","timestamp":"1:30:04 AM"}
{"0":"ST. PETERSBURG","1":"Krasnodar","2":"Moscow","level":"info","message":"CITY:","timestamp":"1:30:04 AM"}
{"0":"ST. PETERSBURG","1":"Krasnodar","2":"Moscow","level":"info","message":"CITY:","timestamp":"1:30:04 AM"}
{"0":"ST. PETERSBURG","1":"Krasnodar","2":"Moscow","level":"info","message":"CITY:","timestamp":"1:30:04 AM"}
{"0":"ST. PETERSBURG","1":"Krasnodar","2":"Moscow","level":"info","message":"CITY:","timestamp":"1:30:04 AM"}
{"level":"info","message":"CITY:","timestamp":"10:40:05 PM"}
{"0":"Paris","level":"info","message":"CITY:","timestamp":"10:40:05 PM"}
{"0":"Paris","1":"Cairo","level":"info","message":"CITY:","timestamp":"10:40:05 PM"}
{"0":"Goring-on-Thames","level":"info","message":"CITY:","timestamp":"10:45:04 PM"}
{"0":"Goring-on-Thames","1":"London","level":"info","message":"CITY:","timestamp":"10:45:04 PM"}
{"0":"Goring-on-Thames","1":"London","level":"info","message":"CITY:","timestamp":"10:45:04 PM"}
{"0":"Goring-on-Thames","1":"London","2":"Highgate","level":"info","message":"CITY:","timestamp":"10:45:04 PM"}
{"0":"Goring-on-Thames","1":"London","2":"Highgate","level":"info","message":"CITY:","timestamp":"10:45:04 PM"}
{"0":"Cologne","level":"info","message":"CITY:","timestamp":"11:50:04 AM"}
{"0":"Cologne","level":"info","message":"CITY:","timestamp":"11:50:04 AM"}
{"0":"Cologne","1":"Berlin","level":"info","message":"CITY:","timestamp":"11:50:04 AM"}
{"0":"Chicago","level":"info","message":"CITY:","timestamp":"11:55:03 AM"}
{"0":"Chicago","level":"info","message":"CITY:","timestamp":"11:55:03 AM"}
{"0":"Chicago","1":"Newtown","level":"info","message":"CITY:","timestamp":"11:55:03 AM"}
{"0":"Chicago","1":"Newtown","2":"Aurora","level":"info","message":"CITY:","timestamp":"11:55:03 AM"}
{"0":"Chicago","1":"Newtown","2":"Aurora","3":"Orlando","level":"info","message":"CITY:","timestamp":"11:55:03 AM"}
{"level":"info","message":"CITY:","timestamp":"12:05:04 PM"}
{"level":"info","message":"CITY:","timestamp":"12:05:04 PM"}
{"level":"info","message":"CITY:","timestamp":"12:05:04 PM"}
{"level":"info","message":"CITY:","timestamp":"12:05:04 PM"}
{"level":"info","message":"CITY:","timestamp":"12:05:04 PM"}
{"level":"info","message":"CITY:","timestamp":"12:05:04 PM"}
{"level":"info","message":"CITY:","timestamp":"12:05:04 PM"}
{"level":"info","message":"CITY:","timestamp":"12:05:04 PM"}
{"level":"info","message":"CITY:","timestamp":"12:05:04 PM"}
{"level":"info","message":"CITY:","timestamp":"12:05:04 PM"}
{"level":"info","message":"CITY:","timestamp":"12:05:04 PM"}
{"0":"Paris","level":"info","message":"CITY:","timestamp":"12:10:05 PM"}
{"0":"Paris","level":"info","message":"CITY:","timestamp":"12:10:05 PM"}
{"0":"Paris","1":"Washington","level":"info","message":"CITY:","timestamp":"12:10:05 PM"}
{"level":"info","message":"CITY:","timestamp":"12:15:05 PM"}
{"0":"unaffordability","level":"info","message":"CITY:","timestamp":"12:15:05 PM"}
{"level":"info","message":"CITY:","timestamp":"12:20:07 PM"}
{"level":"info","message":"CITY:","timestamp":"12:20:07 PM"}
{"level":"info","message":"CITY:","timestamp":"12:20:07 PM"}
{"level":"info","message":"CITY:","timestamp":"12:20:07 PM"}
{"level":"info","message":"CITY:","timestamp":"12:20:07 PM"}
{"level":"info","message":"CITY:","timestamp":"12:20:07 PM"}
{"level":"info","message":"CITY:","timestamp":"12:20:07 PM"}
{"0":"Washington","level":"info","message":"CITY:","timestamp":"12:20:07 PM"}
{"0":"Washington","level":"info","message":"CITY:","timestamp":"12:20:07 PM"}
{"0":"Washington","level":"info","message":"CITY:","timestamp":"12:20:07 PM"}
{"0":"Washington","level":"info","message":"CITY:","timestamp":"12:20:07 PM"}
{"0":"Washington","1":"Vegas","level":"info","message":"CITY:","timestamp":"12:20:07 PM"}
{"0":"Washington","1":"Vegas","level":"info","message":"CITY:","timestamp":"12:20:07 PM"}
{"0":"Washington","1":"Vegas","level":"info","message":"CITY:","timestamp":"12:20:07 PM"}
{"0":"Naples","level":"info","message":"CITY:","timestamp":"12:25:05 PM"}
{"0":"Naples","level":"info","message":"CITY:","timestamp":"12:25:05 PM"}
{"0":"Naples","1":"Rome","level":"info","message":"CITY:","timestamp":"12:25:05 PM"}
{"level":"info","message":"CITY:","timestamp":"12:30:04 PM"}
{"0":"Norwalk","level":"info","message":"CITY:","timestamp":"12:30:04 PM"}
{"0":"Norwalk","1":"Rancho Mirage","level":"info","message":"CITY:","timestamp":"12:30:04 PM"}
{"0":"Norwalk","1":"Rancho Mirage","2":"St. Louis","level":"info","message":"CITY:","timestamp":"12:30:04 PM"}
{"0":"Norwalk","1":"Rancho Mirage","2":"St. Louis","3":"La Verne","level":"info","message":"CITY:","timestamp":"12:30:04 PM"}
{"0":"Norwalk","1":"Rancho Mirage","2":"St. Louis","3":"La Verne","4":"Puerto Rico","level":"info","message":"CITY:","timestamp":"12:30:04 PM"}
{"0":"Norwalk","1":"Rancho Mirage","2":"St. Louis","3":"La Verne","4":"Puerto Rico","level":"info","message":"CITY:","timestamp":"12:30:04 PM"}
{"0":"Norwalk","1":"Rancho Mirage","2":"St. Louis","3":"La Verne","4":"Puerto Rico","level":"info","message":"CITY:","timestamp":"12:30:04 PM"}
{"0":"Norwalk","1":"Rancho Mirage","2":"St. Louis","3":"La Verne","4":"Puerto Rico","5":"Memphis","level":"info","message":"CITY:","timestamp":"12:30:04 PM"}
{"0":"Norridge","level":"info","message":"CITY:","timestamp":"12:40:09 PM"}
{"level":"info","message":"CITY:","timestamp":"12:50:04 PM"}
{"level":"info","message":"CITY:","timestamp":"12:50:04 PM"}
{"0":"Istanbul","level":"info","message":"CITY:","timestamp":"12:50:04 PM"}
{"0":"Istanbul","level":"info","message":"CITY:","timestamp":"12:50:04 PM"}
{"0":"Istanbul","1":"Kayseri","level":"info","message":"CITY:","timestamp":"12:50:04 PM"}
{"0":"Istanbul","1":"Kayseri","2":"Ankara","level":"info","message":"CITY:","timestamp":"12:50:04 PM"}
{"0":"Istanbul","1":"Kayseri","2":"Ankara","level":"info","message":"CITY:","timestamp":"12:50:04 PM"}
{"0":"Istanbul","1":"Kayseri","2":"Ankara","level":"info","message":"CITY:","timestamp":"12:50:04 PM"}
{"0":"Istanbul","1":"Kayseri","2":"Ankara","level":"info","message":"CITY:","timestamp":"12:50:04 PM"}
{"0":"Istanbul","1":"Kayseri","2":"Ankara","level":"info","message":"CITY:","timestamp":"12:50:04 PM"}
{"0":"Istanbul","1":"Kayseri","2":"Ankara","level":"info","message":"CITY:","timestamp":"12:50:04 PM"}
{"0":"Istanbul","1":"Kayseri","2":"Ankara","level":"info","message":"CITY:","timestamp":"12:50:04 PM"}
{"level":"info","message":"CITY:","timestamp":"1:05:09 PM"}
{"level":"info","message":"CITY:","timestamp":"1:15:05 PM"}
{"level":"info","message":"CITY:","timestamp":"1:15:05 PM"}
{"0":"Zurich","level":"info","message":"CITY:","timestamp":"1:15:05 PM"}
{"0":"Zurich","1":"Chicago","level":"info","message":"CITY:","timestamp":"1:15:05 PM"}
{"0":"Zurich","1":"Chicago","level":"info","message":"CITY:","timestamp":"1:15:05 PM"}
{"0":"Zurich","1":"Chicago","level":"info","message":"CITY:","timestamp":"1:15:05 PM"}
{"0":"Zurich","1":"Chicago","level":"info","message":"CITY:","timestamp":"1:15:05 PM"}
{"0":"Zurich","1":"Chicago","level":"info","message":"CITY:","timestamp":"1:15:05 PM"}
{"0":"Zurich","1":"Chicago","2":"Paris","level":"info","message":"CITY:","timestamp":"1:15:05 PM"}
{"0":"Birmingham","level":"info","message":"CITY:","timestamp":"1:40:05 PM"}
{"0":"New York City","level":"info","message":"CITY:","timestamp":"1:45:04 PM"}
{"level":"info","message":"CITY:","timestamp":"3:30:04 PM"}
{"level":"info","message":"CITY:","timestamp":"3:30:05 PM"}
{"level":"info","message":"CITY:","timestamp":"3:30:05 PM"}
{"0":"2015-16","level":"info","message":"CITY:","timestamp":"3:30:05 PM"}
{"0":"2015-16","level":"info","message":"CITY:","timestamp":"3:30:05 PM"}
{"0":"2015-16","level":"info","message":"CITY:","timestamp":"3:30:05 PM"}
{"level":"info","message":"CITY:","timestamp":"3:40:04 PM"}
