{"0":"North Carolina","level":"info","message":"STATE:","timestamp":"2:55:02 PM"}
{"0":"Sierra Leone","1":"Indonesia","2":"Cuba","level":"info","message":"COUNTRY:","timestamp":"2:55:02 PM"}
{"0":"Die Zeit","1":"Marburg","2":"Messkirch","3":"Antisemitismus","4":"Leipzig","5":"Hamburg","6":"Großkapital","7":"Berlin","level":"info","message":"CITY:","timestamp":"2:55:03 PM"}
{"0":"Weimar Republic","1":"Germany","level":"info","message":"COUNTRY:","timestamp":"2:55:03 PM"}
{"0":"Two Hayward","level":"info","message":"CITY:","timestamp":"3:01:11 PM"}
{"0":"U.S.","level":"info","message":"COUNTRY:","timestamp":"3:05:05 PM"}
{"0":"Beijing","level":"info","message":"CITY:","timestamp":"3:10:04 PM"}
{"0":"China","1":"United States","2":"Russia","3":"Taiwan","level":"info","message":"COUNTRY:","timestamp":"3:10:04 PM"}
{"0":"Clay","1":"Charleston","level":"info","message":"CITY:","timestamp":"3:20:03 PM"}
{"0":"West Virginia","1":"Clay County","level":"info","message":"STATE:","timestamp":"3:20:03 PM"}
{"0":"United States","level":"info","message":"COUNTRY:","timestamp":"3:25:04 PM"}
{"0":"Jerusalem","1":"Wellington","level":"info","message":"CITY:","timestamp":"3:50:03 PM"}
{"0":"Israel","1":"New Zealand","2":"US","3":"UK","level":"info","message":"COUNTRY:","timestamp":"3:50:03 PM"}
{"0":"California","1":"Massachusetts","2":"Colorado","level":"info","message":"STATE:","timestamp":"4:05:04 PM"}
{"0":"US","level":"info","message":"COUNTRY:","timestamp":"4:05:04 PM"}
{"0":"Bentonville","level":"info","message":"CITY:","timestamp":"4:10:04 PM"}
{"0":"Arkansas","level":"info","message":"STATE:","timestamp":"4:10:04 PM"}
{"0":"New York","level":"info","message":"CITY:","timestamp":"4:15:07 PM"}
{"0":"U.S.","1":"China","2":"U.K.","3":"Saudi Arabia","level":"info","message":"COUNTRY:","timestamp":"4:15:07 PM"}
{"0":"Alaska","level":"info","message":"STATE:","timestamp":"4:20:02 PM"}
{"0":"Davao","1":"Manila","level":"info","message":"CITY:","timestamp":"4:50:04 PM"}
{"0":"Philippines","level":"info","message":"COUNTRY:","timestamp":"4:50:04 PM"}
{"0":"New York City","1":"Los Angeles","2":"Hollywood","level":"info","message":"CITY:","timestamp":"4:55:02 PM"}
{"0":"Powerbot","level":"info","message":"CITY:","timestamp":"5:00:02 PM"}
{"0":"Die Zeit","1":"Marburg","2":"Messkirch","3":"Antisemitismus","4":"Leipzig","5":"Hamburg","6":"Großkapital","7":"Berlin","level":"info","message":"CITY:","timestamp":"5:00:03 PM"}
{"0":"Weimar Republic","1":"Germany","level":"info","message":"COUNTRY:","timestamp":"5:00:03 PM"}
{"0":"/r/Stock_Picks","1":"New York","level":"info","message":"CITY:","timestamp":"5:05:10 PM"}
{"0":"US","1":"Norway","2":"Britain","level":"info","message":"COUNTRY:","timestamp":"5:05:10 PM"}
{"0":"Bentonville","level":"info","message":"CITY:","timestamp":"5:10:02 PM"}
{"0":"Arkansas","level":"info","message":"STATE:","timestamp":"5:10:03 PM"}
{"0":"Sydney","level":"info","message":"CITY:","timestamp":"5:30:04 PM"}
{"0":"Australia","level":"info","message":"COUNTRY:","timestamp":"5:30:04 PM"}
{"0":"Beijing","level":"info","message":"CITY:","timestamp":"5:50:02 PM"}
{"0":"China","1":"United States","2":"Russia","3":"Taiwan","level":"info","message":"COUNTRY:","timestamp":"5:50:02 PM"}
{"0":"Orlando","level":"info","message":"CITY:","timestamp":"5:55:03 PM"}
{"0":"Idaho","1":"California","level":"info","message":"STATE:","timestamp":"5:55:03 PM"}
{"0":"USA","level":"info","message":"COUNTRY:","timestamp":"5:55:03 PM"}
{"0":"Tokyo","level":"info","message":"CITY:","timestamp":"6:05:05 PM"}
{"0":"U.S.","level":"info","message":"COUNTRY:","timestamp":"6:05:05 PM"}
{"0":"Seoul","1":"London","level":"info","message":"CITY:","timestamp":"6:10:03 PM"}
{"0":"United States","level":"info","message":"COUNTRY:","timestamp":"6:15:04 PM"}
{"0":"Austin","level":"info","message":"CITY:","timestamp":"6:20:02 PM"}
{"0":"U.S.","level":"info","message":"COUNTRY:","timestamp":"6:20:02 PM"}
{"0":"Beverly Hills","level":"info","message":"CITY:","timestamp":"7:45:06 PM"}
{"0":"Paris","1":"Reau","level":"info","message":"CITY:","timestamp":"7:50:06 PM"}
{"0":"Ville Platte","1":"Evangeline","2":"33,578","level":"info","message":"CITY:","timestamp":"7:55:02 PM"}
{"0":"Louisiana","1":"Washington","level":"info","message":"STATE:","timestamp":"7:55:02 PM"}
{"0":"Salt Lake City","1":"Minneapolis","level":"info","message":"CITY:","timestamp":"8:15:02 PM"}
{"0":"Michigan","1":"Illinois","level":"info","message":"STATE:","timestamp":"8:15:02 PM"}
{"0":"U.S.","level":"info","message":"COUNTRY:","timestamp":"8:15:02 PM"}
{"0":"Vermont","level":"info","message":"STATE:","timestamp":"8:20:02 PM"}
{"0":"United States","level":"info","message":"COUNTRY:","timestamp":"8:20:02 PM"}
{"0":"JAMA","level":"info","message":"CITY:","timestamp":"8:30:02 PM"}
{"0":"US","level":"info","message":"COUNTRY:","timestamp":"8:30:02 PM"}
{"0":"UK","1":"Malaysia","level":"info","message":"COUNTRY:","timestamp":"8:35:04 PM"}
{"0":"Washington","1":"West Bank","level":"info","message":"CITY:","timestamp":"8:50:09 PM"}
{"0":"West Bank","level":"info","message":"STATE:","timestamp":"8:50:09 PM"}
{"0":"Israel","1":"United States","level":"info","message":"COUNTRY:","timestamp":"8:50:09 PM"}
{"0":"Spokane","1":"SPOKANE VALLEY","2":"HELENA","level":"info","message":"CITY:","timestamp":"8:55:06 PM"}
{"0":"Wash.","1":"KOOTENAI COUNTY","2":"Montana","3":"Washington","4":"Mont.","5":"Ala.","level":"info","message":"STATE:","timestamp":"8:55:06 PM"}
{"0":"Burbank","1":"Glendale","2":"Hollywood","level":"info","message":"CITY:","timestamp":"9:05:08 PM"}
{"0":"Nestlé","1":"Vevey","2":"New York City","level":"info","message":"CITY:","timestamp":"9:10:05 PM"}
{"0":"California","level":"info","message":"STATE:","timestamp":"9:10:05 PM"}
{"0":"China","level":"info","message":"COUNTRY:","timestamp":"9:10:05 PM"}
{"0":"Beijing","1":"Manhattan","2":"Macau","3":"Hong Kong","4":"Changsha","5":"New York","level":"info","message":"CITY:","timestamp":"9:15:04 PM"}
{"0":"U.S.","1":"China","level":"info","message":"COUNTRY:","timestamp":"9:15:04 PM"}
{"0":"A. actinomycetemcomitans","level":"info","message":"CITY:","timestamp":"9:25:07 PM"}
{"0":"Maine","1":"Tenn.","level":"info","message":"STATE:","timestamp":"9:30:02 PM"}
{"0":"Obamacare","level":"info","message":"COUNTRY:","timestamp":"9:30:02 PM"}
{"0":"New York","level":"info","message":"CITY:","timestamp":"9:50:02 PM"}
{"0":"U.S.","1":"China","2":"U.K.","3":"Saudi Arabia","level":"info","message":"COUNTRY:","timestamp":"9:50:02 PM"}
{"0":"1975-76","level":"info","message":"CITY:","timestamp":"9:55:03 PM"}
{"0":"US","1":"Russia","2":"Ukraine","level":"info","message":"COUNTRY:","timestamp":"9:55:03 PM"}
{"0":"LOS ANGELES","1":"Hollywood","2":"Las Vegas","3":"London","level":"info","message":"CITY:","timestamp":"10:01:08 PM"}
{"0":"California.","level":"info","message":"STATE:","timestamp":"10:01:08 PM"}
{"0":"London","1":"Trumpism","2":"Brexit","level":"info","message":"CITY:","timestamp":"10:10:05 PM"}
{"0":"England","level":"info","message":"STATE:","timestamp":"10:10:05 PM"}
{"0":"USA","1":"UK","2":"Britain","level":"info","message":"COUNTRY:","timestamp":"10:10:05 PM"}
{"0":"U.S.","level":"info","message":"COUNTRY:","timestamp":"10:15:03 PM"}
{"0":"RIVERSIDE","1":"Boulder","level":"info","message":"CITY:","timestamp":"10:25:04 PM"}
{"0":"Calif.","level":"info","message":"STATE:","timestamp":"10:25:04 PM"}
{"0":"Russia","1":"Russians","level":"info","message":"COUNTRY:","timestamp":"10:30:02 PM"}
{"0":"Beijing","1":"Tokyo","level":"info","message":"CITY:","timestamp":"10:50:04 PM"}
{"0":"Taiwan","1":"Japan","2":"Korea","level":"info","message":"COUNTRY:","timestamp":"10:50:04 PM"}
{"0":"U.S.","level":"info","message":"COUNTRY:","timestamp":"11:05:08 PM"}
{"0":"Pittsburgh","1":"San Francisco","2":"Perth","level":"info","message":"CITY:","timestamp":"11:10:04 PM"}
{"0":"Alberta","1":"Canada","level":"info","message":"STATE:","timestamp":"11:10:04 PM"}
{"0":"Australia","1":"Japan","level":"info","message":"COUNTRY:","timestamp":"11:10:04 PM"}
{"0":"Hann Persinger","1":"Lansing","2":"Washington","level":"info","message":"CITY:","timestamp":"11:20:05 PM"}
{"0":"Michigan","1":"Ottawa County","2":"D.C","level":"info","message":"STATE:","timestamp":"11:20:05 PM"}
{"0":"Utrecht","level":"info","message":"CITY:","timestamp":"11:30:06 PM"}
{"0":"Singapore","level":"info","message":"COUNTRY:","timestamp":"11:30:06 PM"}
{"0":"Los Angeles","1":"Hollywood","2":"London","level":"info","message":"CITY:","timestamp":"11:45:05 PM"}
{"0":"US","level":"info","message":"COUNTRY:","timestamp":"11:45:05 PM"}
{"0":"Germany","1":"Serbia","2":"Kosovo","3":"Iraq","4":"Afghanistan","5":"Syria","6":"Morocco","7":"Iran","8":"Albania","9":"Tunisia","10":"Nigeria","level":"info","message":"COUNTRY:","timestamp":"11:50:04 PM"}
{"0":"WASHINGTON","1":"Des Moines","2":"Lynden","3":"Ashburn","4":"Austin","level":"info","message":"CITY:","timestamp":"11:55:04 PM"}
{"0":"South Carolina","1":"Texas","2":"Virginia","3":"Washington","level":"info","message":"STATE:","timestamp":"11:55:04 PM"}
{"0":"New Yorks","1":"Boston","2":"Miami","3":"Berg","4":"Nashville","level":"info","message":"CITY:","timestamp":"12:10:07 AM"}
{"0":"Tennessee","1":"Massachusetts","level":"info","message":"STATE:","timestamp":"12:10:07 AM"}
{"0":"US","1":"Bahamas","level":"info","message":"COUNTRY:","timestamp":"12:10:07 AM"}
{"0":"Eiras","level":"info","message":"CITY:","timestamp":"12:15:03 AM"}
{"0":"United States","1":"China","2":"Belgium","3":"Canada","level":"info","message":"COUNTRY:","timestamp":"12:15:03 AM"}
{"0":"PRINCETON","1":"Manhattan","level":"info","message":"CITY:","timestamp":"12:20:03 AM"}
{"0":"Oklahoma","1":"Georgia","level":"info","message":"STATE:","timestamp":"12:20:03 AM"}
{"0":"United States","level":"info","message":"COUNTRY:","timestamp":"12:20:03 AM"}
{"0":"U.S","level":"info","message":"COUNTRY:","timestamp":"12:25:05 AM"}
{"0":"Los Angeles","1":"London","level":"info","message":"CITY:","timestamp":"12:30:04 AM"}
{"0":"Sweden","1":"Denmark","level":"info","message":"COUNTRY:","timestamp":"12:50:04 AM"}
{"0":"Beverly Hills","1":"El Paso","2":"Burbank","3":"Hollywood","4":"Los Angeles","5":"London","6":"Las Vegas","level":"info","message":"CITY:","timestamp":"1:01:10 AM"}
{"0":"Texas","1":"California","level":"info","message":"STATE:","timestamp":"1:01:10 AM"}
{"0":"United States","level":"info","message":"COUNTRY:","timestamp":"1:20:04 AM"}
{"0":"ST. PETERSBURG","1":"Krasnodar","2":"Moscow","level":"info","message":"CITY:","timestamp":"1:30:04 AM"}
{"0":"Russia","1":"Russia","2":"Russia","3":"South Africa","4":"Uganda","5":"India","6":"Nigeria","level":"info","message":"COUNTRY:","timestamp":"1:30:04 AM"}
{"0":"Paris","1":"Cairo","level":"info","message":"CITY:","timestamp":"10:40:05 PM"}
{"0":"Russia","level":"info","message":"COUNTRY:","timestamp":"10:40:05 PM"}
{"0":"Goring-on-Thames","1":"London","2":"Highgate","level":"info","message":"CITY:","timestamp":"10:45:04 PM"}
{"0":"Oxfordshire","level":"info","message":"STATE:","timestamp":"10:45:04 PM"}
{"0":"UK","level":"info","message":"COUNTRY:","timestamp":"10:45:04 PM"}
{"0":"Cologne","1":"Berlin","level":"info","message":"CITY:","timestamp":"11:50:04 AM"}
{"0":"Germany","level":"info","message":"COUNTRY:","timestamp":"11:50:04 AM"}
{"0":"Chicago","1":"Newtown","2":"Aurora","3":"Orlando","level":"info","message":"CITY:","timestamp":"11:55:03 AM"}
{"0":"Cook County","level":"info","message":"STATE:","timestamp":"11:55:03 AM"}
{"0":"Switzerland","1":"India","2":"France","3":"South Korea","4":"Australia","5":"Brazil","6":"Japan","7":"South Africa","8":"Mexico","9":"Canada","10":"Argentina","level":"info","message":"COUNTRY:","timestamp":"12:05:04 PM"}
{"0":"Paris","1":"Washington","level":"info","message":"CITY:","timestamp":"12:10:05 PM"}
{"0":"California","level":"info","message":"STATE:","timestamp":"12:10:05 PM"}
{"0":"unaffordability","level":"info","message":"CITY:","timestamp":"12:15:05 PM"}
{"0":"US","level":"info","message":"COUNTRY:","timestamp":"12:15:05 PM"}
{"0":"Washington","1":"Vegas","level":"info","message":"CITY:","timestamp":"12:20:07 PM"}
{"0":"Nevada","1":"Washington State","2":"Washington","3":"Alaska","4":"Colorado","5":"Oregon","6":"Massachusetts","7":"Maine","8":"NV","9":"California","10":"WA","level":"info","message":"STATE:","timestamp":"12:20:07 PM"}
{"0":"United States","level":"info","message":"COUNTRY:","timestamp":"12:20:07 PM"}
{"0":"Naples","1":"Rome","level":"info","message":"CITY:","timestamp":"12:25:05 PM"}
{"0":"Italy","level":"info","message":"COUNTRY:","timestamp":"12:25:05 PM"}
{"0":"Norwalk","1":"Rancho Mirage","2":"St. Louis","3":"La Verne","4":"Puerto Rico","5":"Memphis","level":"info","message":"CITY:","timestamp":"12:30:04 PM"}
{"0":"Conn.","level":"info","message":"STATE:","timestamp":"12:30:04 PM"}
{"0":"U.S.","1":"Puerto Rico","level":"info","message":"COUNTRY:","timestamp":"12:30:04 PM"}
{"0":"Norridge","level":"info","message":"CITY:","timestamp":"12:40:09 PM"}
{"0":"Istanbul","1":"Kayseri","2":"Ankara","level":"info","message":"CITY:","timestamp":"12:50:04 PM"}
{"0":"Saudi Arabia","1":"Turkey","2":"Russia","3":"Syria","4":"Kuwait","5":"India","6":"Tunisia","7":"Morocco","8":"Canada","level":"info","message":"COUNTRY:","timestamp":"12:50:04 PM"}
{"0":"France","level":"info","message":"COUNTRY:","timestamp":"1:05:09 PM"}
{"0":"Zurich","1":"Chicago","2":"Paris","level":"info","message":"CITY:","timestamp":"1:15:05 PM"}
{"0":"Switzerland","1":"United States","2":"Switzerland","3":"Spain","4":"China","5":"Eritrea","level":"info","message":"COUNTRY:","timestamp":"1:15:05 PM"}
{"0":"Birmingham","level":"info","message":"CITY:","timestamp":"1:40:05 PM"}
{"0":"New York City","level":"info","message":"CITY:","timestamp":"1:45:04 PM"}
{"0":"2015-16","level":"info","message":"CITY:","timestamp":"3:30:05 PM"}
{"0":"UK","1":"France","2":"Scotland","3":"Norway","4":"Turkey","level":"info","message":"COUNTRY:","timestamp":"3:30:05 PM"}
{"0":"Canada","level":"info","message":"COUNTRY:","timestamp":"3:40:04 PM"}
